{"C:\\Users\\Rodolfo\\Documents\\Node_Projects\\to-do\\src\\config\\config.js": {"path":"C:\\Users\\Rodolfo\\Documents\\Node_Projects\\to-do\\src\\config\\config.js","statementMap":{"0":{"start":{"line":1,"column":0},"end":{"line":12,"column":2}}},"fnMap":{},"branchMap":{"0":{"loc":{"start":{"line":3,"column":10},"end":{"line":3,"column":34}},"type":"binary-expr","locations":[{"start":{"line":3,"column":10},"end":{"line":3,"column":26}},{"start":{"line":3,"column":30},"end":{"line":3,"column":34}}],"line":3},"1":{"loc":{"start":{"line":6,"column":10},"end":{"line":6,"column":44}},"type":"binary-expr","locations":[{"start":{"line":6,"column":10},"end":{"line":6,"column":29}},{"start":{"line":6,"column":33},"end":{"line":6,"column":44}}],"line":6},"2":{"loc":{"start":{"line":7,"column":10},"end":{"line":7,"column":39}},"type":"binary-expr","locations":[{"start":{"line":7,"column":10},"end":{"line":7,"column":29}},{"start":{"line":7,"column":33},"end":{"line":7,"column":39}}],"line":7},"3":{"loc":{"start":{"line":8,"column":14},"end":{"line":8,"column":49}},"type":"binary-expr","locations":[{"start":{"line":8,"column":14},"end":{"line":8,"column":37}},{"start":{"line":8,"column":41},"end":{"line":8,"column":49}}],"line":8},"4":{"loc":{"start":{"line":9,"column":14},"end":{"line":9,"column":53}},"type":"binary-expr","locations":[{"start":{"line":9,"column":14},"end":{"line":9,"column":37}},{"start":{"line":9,"column":41},"end":{"line":9,"column":53}}],"line":9},"5":{"loc":{"start":{"line":10,"column":13},"end":{"line":10,"column":46}},"type":"binary-expr","locations":[{"start":{"line":10,"column":13},"end":{"line":10,"column":35}},{"start":{"line":10,"column":39},"end":{"line":10,"column":46}}],"line":10}},"s":{"0":2},"f":{},"b":{"0":[2,2],"1":[2,2],"2":[2,2],"3":[2,2],"4":[2,2],"5":[2,2]},"_coverageSchema":"1a1c01bbd47fc00a2c39e90264f33305004495a9","hash":"00d7e2360c418301f0d4bee207ec30522c7f7e2d"}
,"C:\\Users\\Rodolfo\\Documents\\Node_Projects\\to-do\\src\\config\\index.js": {"path":"C:\\Users\\Rodolfo\\Documents\\Node_Projects\\to-do\\src\\config\\index.js","statementMap":{"0":{"start":{"line":2,"column":19},"end":{"line":2,"column":41}},"1":{"start":{"line":3,"column":20},"end":{"line":3,"column":40}},"2":{"start":{"line":5,"column":2},"end":{"line":5,"column":24}},"3":{"start":{"line":8,"column":0},"end":{"line":8,"column":31}}},"fnMap":{"0":{"name":"sequelizeInit","decl":{"start":{"line":1,"column":15},"end":{"line":1,"column":28}},"loc":{"start":{"line":1,"column":31},"end":{"line":6,"column":1}},"line":1}},"branchMap":{},"s":{"0":1,"1":1,"2":1,"3":1},"f":{"0":1},"b":{},"_coverageSchema":"1a1c01bbd47fc00a2c39e90264f33305004495a9","hash":"dcd01270b8a17e3a6b0a7ceb4d967f4d89945d3f"}
,"C:\\Users\\Rodolfo\\Documents\\Node_Projects\\to-do\\src\\config\\sequelize.js": {"path":"C:\\Users\\Rodolfo\\Documents\\Node_Projects\\to-do\\src\\config\\sequelize.js","statementMap":{"0":{"start":{"line":1,"column":18},"end":{"line":1,"column":38}},"1":{"start":{"line":2,"column":15},"end":{"line":2,"column":34}},"2":{"start":{"line":4,"column":18},"end":{"line":12,"column":1}},"3":{"start":{"line":14,"column":0},"end":{"line":14,"column":27}}},"fnMap":{},"branchMap":{},"s":{"0":2,"1":2,"2":2,"3":2},"f":{},"b":{},"_coverageSchema":"1a1c01bbd47fc00a2c39e90264f33305004495a9","hash":"593d878ddbf4a61bf947e2296fbeea31c9e7694e"}
,"C:\\Users\\Rodolfo\\Documents\\Node_Projects\\to-do\\src\\controller\\tasks.js": {"path":"C:\\Users\\Rodolfo\\Documents\\Node_Projects\\to-do\\src\\controller\\tasks.js","statementMap":{"0":{"start":{"line":1,"column":21},"end":{"line":1,"column":49}},"1":{"start":{"line":2,"column":25},"end":{"line":2,"column":62}},"2":{"start":{"line":5,"column":20},"end":{"line":27,"column":3}},"3":{"start":{"line":6,"column":17},"end":{"line":6,"column":36}},"4":{"start":{"line":8,"column":4},"end":{"line":26,"column":5}},"5":{"start":{"line":9,"column":21},"end":{"line":9,"column":54}},"6":{"start":{"line":11,"column":6},"end":{"line":20,"column":9}},"7":{"start":{"line":22,"column":6},"end":{"line":25,"column":9}},"8":{"start":{"line":29,"column":24},"end":{"line":51,"column":3}},"9":{"start":{"line":30,"column":4},"end":{"line":50,"column":5}},"10":{"start":{"line":31,"column":21},"end":{"line":31,"column":31}},"11":{"start":{"line":32,"column":21},"end":{"line":32,"column":56}},"12":{"start":{"line":34,"column":6},"end":{"line":38,"column":9}},"13":{"start":{"line":40,"column":6},"end":{"line":45,"column":7}},"14":{"start":{"line":41,"column":8},"end":{"line":44,"column":11}},"15":{"start":{"line":46,"column":6},"end":{"line":49,"column":9}},"16":{"start":{"line":53,"column":22},"end":{"line":71,"column":3}},"17":{"start":{"line":54,"column":4},"end":{"line":70,"column":5}},"18":{"start":{"line":55,"column":23},"end":{"line":55,"column":26}},"19":{"start":{"line":56,"column":21},"end":{"line":56,"column":56}},"20":{"start":{"line":58,"column":6},"end":{"line":64,"column":8}},"21":{"start":{"line":66,"column":6},"end":{"line":69,"column":9}},"22":{"start":{"line":73,"column":22},"end":{"line":97,"column":3}},"23":{"start":{"line":74,"column":4},"end":{"line":96,"column":5}},"24":{"start":{"line":75,"column":21},"end":{"line":75,"column":31}},"25":{"start":{"line":76,"column":23},"end":{"line":76,"column":26}},"26":{"start":{"line":78,"column":21},"end":{"line":78,"column":60}},"27":{"start":{"line":80,"column":6},"end":{"line":84,"column":9}},"28":{"start":{"line":86,"column":6},"end":{"line":91,"column":7}},"29":{"start":{"line":87,"column":8},"end":{"line":90,"column":11}},"30":{"start":{"line":92,"column":6},"end":{"line":95,"column":9}},"31":{"start":{"line":99,"column":22},"end":{"line":122,"column":3}},"32":{"start":{"line":100,"column":4},"end":{"line":121,"column":5}},"33":{"start":{"line":101,"column":21},"end":{"line":101,"column":31}},"34":{"start":{"line":103,"column":21},"end":{"line":103,"column":54}},"35":{"start":{"line":105,"column":6},"end":{"line":109,"column":9}},"36":{"start":{"line":111,"column":6},"end":{"line":116,"column":7}},"37":{"start":{"line":112,"column":8},"end":{"line":115,"column":11}},"38":{"start":{"line":117,"column":6},"end":{"line":120,"column":9}},"39":{"start":{"line":125,"column":0},"end":{"line":125,"column":33}}},"fnMap":{"0":{"name":"(anonymous_0)","decl":{"start":{"line":5,"column":20},"end":{"line":5,"column":21}},"loc":{"start":{"line":5,"column":40},"end":{"line":27,"column":3}},"line":5},"1":{"name":"(anonymous_1)","decl":{"start":{"line":29,"column":24},"end":{"line":29,"column":25}},"loc":{"start":{"line":29,"column":44},"end":{"line":51,"column":3}},"line":29},"2":{"name":"(anonymous_2)","decl":{"start":{"line":53,"column":22},"end":{"line":53,"column":23}},"loc":{"start":{"line":53,"column":42},"end":{"line":71,"column":3}},"line":53},"3":{"name":"(anonymous_3)","decl":{"start":{"line":73,"column":22},"end":{"line":73,"column":23}},"loc":{"start":{"line":73,"column":42},"end":{"line":97,"column":3}},"line":73},"4":{"name":"(anonymous_4)","decl":{"start":{"line":99,"column":22},"end":{"line":99,"column":23}},"loc":{"start":{"line":99,"column":42},"end":{"line":122,"column":3}},"line":99}},"branchMap":{"0":{"loc":{"start":{"line":6,"column":17},"end":{"line":6,"column":36}},"type":"binary-expr","locations":[{"start":{"line":6,"column":17},"end":{"line":6,"column":31}},{"start":{"line":6,"column":35},"end":{"line":6,"column":36}}],"line":6},"1":{"loc":{"start":{"line":40,"column":6},"end":{"line":45,"column":7}},"type":"if","locations":[{"start":{"line":40,"column":6},"end":{"line":45,"column":7}},{"start":{},"end":{}}],"line":40},"2":{"loc":{"start":{"line":86,"column":6},"end":{"line":91,"column":7}},"type":"if","locations":[{"start":{"line":86,"column":6},"end":{"line":91,"column":7}},{"start":{},"end":{}}],"line":86},"3":{"loc":{"start":{"line":111,"column":6},"end":{"line":116,"column":7}},"type":"if","locations":[{"start":{"line":111,"column":6},"end":{"line":116,"column":7}},{"start":{},"end":{}}],"line":111}},"s":{"0":1,"1":1,"2":1,"3":1,"4":1,"5":1,"6":1,"7":0,"8":1,"9":1,"10":1,"11":1,"12":1,"13":0,"14":0,"15":0,"16":1,"17":1,"18":1,"19":1,"20":1,"21":0,"22":1,"23":1,"24":1,"25":1,"26":1,"27":1,"28":0,"29":0,"30":0,"31":1,"32":1,"33":1,"34":1,"35":1,"36":0,"37":0,"38":0,"39":1},"f":{"0":1,"1":1,"2":1,"3":1,"4":1},"b":{"0":[1,1],"1":[0,0],"2":[0,0],"3":[0,0]},"_coverageSchema":"1a1c01bbd47fc00a2c39e90264f33305004495a9","hash":"853bbea29f00fea8a7c5faf5f37ca685ec17abd3"}
,"C:\\Users\\Rodolfo\\Documents\\Node_Projects\\to-do\\src\\models\\index.js": {"path":"C:\\Users\\Rodolfo\\Documents\\Node_Projects\\to-do\\src\\models\\index.js","statementMap":{"0":{"start":{"line":1,"column":14},"end":{"line":1,"column":32}},"1":{"start":{"line":3,"column":0},"end":{"line":3,"column":27}}},"fnMap":{},"branchMap":{},"s":{"0":2,"1":2},"f":{},"b":{},"_coverageSchema":"1a1c01bbd47fc00a2c39e90264f33305004495a9","hash":"3b2199741fbf41b21acbe01f0a6c8435fdb7f069"}
,"C:\\Users\\Rodolfo\\Documents\\Node_Projects\\to-do\\src\\models\\tasks.js": {"path":"C:\\Users\\Rodolfo\\Documents\\Node_Projects\\to-do\\src\\models\\tasks.js","statementMap":{"0":{"start":{"line":1,"column":18},"end":{"line":1,"column":38}},"1":{"start":{"line":2,"column":17},"end":{"line":2,"column":47}},"2":{"start":{"line":4,"column":13},"end":{"line":54,"column":1}},"3":{"start":{"line":56,"column":0},"end":{"line":56,"column":22}}},"fnMap":{},"branchMap":{},"s":{"0":2,"1":2,"2":2,"3":2},"f":{},"b":{},"_coverageSchema":"1a1c01bbd47fc00a2c39e90264f33305004495a9","hash":"3d0182053328349926b1cb120e0dffda545c2cb3"}
,"C:\\Users\\Rodolfo\\Documents\\Node_Projects\\to-do\\src\\routes\\index.js": {"path":"C:\\Users\\Rodolfo\\Documents\\Node_Projects\\to-do\\src\\routes\\index.js","statementMap":{"0":{"start":{"line":1,"column":16},"end":{"line":1,"column":34}},"1":{"start":{"line":2,"column":24},"end":{"line":2,"column":54}},"2":{"start":{"line":4,"column":15},"end":{"line":4,"column":31}},"3":{"start":{"line":6,"column":0},"end":{"line":10,"column":52}},"4":{"start":{"line":12,"column":0},"end":{"line":12,"column":24}}},"fnMap":{},"branchMap":{},"s":{"0":1,"1":1,"2":1,"3":1,"4":1},"f":{},"b":{},"_coverageSchema":"1a1c01bbd47fc00a2c39e90264f33305004495a9","hash":"dcce7dda375f4fe4d59dc8f9c4c92fee55197198"}
,"C:\\Users\\Rodolfo\\Documents\\Node_Projects\\to-do\\src\\server\\server.js": {"path":"C:\\Users\\Rodolfo\\Documents\\Node_Projects\\to-do\\src\\server\\server.js","statementMap":{"0":{"start":{"line":1,"column":16},"end":{"line":1,"column":34}},"1":{"start":{"line":2,"column":15},"end":{"line":2,"column":42}},"2":{"start":{"line":3,"column":22},"end":{"line":3,"column":48}},"3":{"start":{"line":4,"column":18},"end":{"line":4,"column":48}},"4":{"start":{"line":5,"column":15},"end":{"line":5,"column":35}},"5":{"start":{"line":7,"column":12},"end":{"line":7,"column":21}},"6":{"start":{"line":8,"column":20},"end":{"line":34,"column":1}},"7":{"start":{"line":9,"column":2},"end":{"line":9,"column":26}},"8":{"start":{"line":10,"column":2},"end":{"line":10,"column":50}},"9":{"start":{"line":11,"column":2},"end":{"line":11,"column":18}},"10":{"start":{"line":13,"column":2},"end":{"line":13,"column":18}},"11":{"start":{"line":15,"column":2},"end":{"line":21,"column":7}},"12":{"start":{"line":17,"column":6},"end":{"line":17,"column":47}},"13":{"start":{"line":20,"column":6},"end":{"line":20,"column":60}},"14":{"start":{"line":24,"column":2},"end":{"line":30,"column":7}},"15":{"start":{"line":26,"column":6},"end":{"line":26,"column":59}},"16":{"start":{"line":29,"column":6},"end":{"line":29,"column":76}},"17":{"start":{"line":32,"column":15},"end":{"line":32,"column":33}},"18":{"start":{"line":33,"column":2},"end":{"line":33,"column":77}},"19":{"start":{"line":33,"column":27},"end":{"line":33,"column":73}},"20":{"start":{"line":36,"column":0},"end":{"line":36,"column":38}}},"fnMap":{"0":{"name":"(anonymous_0)","decl":{"start":{"line":8,"column":20},"end":{"line":8,"column":21}},"loc":{"start":{"line":8,"column":32},"end":{"line":34,"column":1}},"line":8},"1":{"name":"(anonymous_1)","decl":{"start":{"line":16,"column":10},"end":{"line":16,"column":11}},"loc":{"start":{"line":16,"column":16},"end":{"line":18,"column":5}},"line":16},"2":{"name":"(anonymous_2)","decl":{"start":{"line":19,"column":11},"end":{"line":19,"column":12}},"loc":{"start":{"line":19,"column":22},"end":{"line":21,"column":5}},"line":19},"3":{"name":"(anonymous_3)","decl":{"start":{"line":25,"column":10},"end":{"line":25,"column":11}},"loc":{"start":{"line":25,"column":16},"end":{"line":27,"column":5}},"line":25},"4":{"name":"(anonymous_4)","decl":{"start":{"line":28,"column":11},"end":{"line":28,"column":12}},"loc":{"start":{"line":28,"column":22},"end":{"line":30,"column":5}},"line":28},"5":{"name":"(anonymous_5)","decl":{"start":{"line":33,"column":19},"end":{"line":33,"column":20}},"loc":{"start":{"line":33,"column":25},"end":{"line":33,"column":75}},"line":33}},"branchMap":{},"s":{"0":1,"1":1,"2":1,"3":1,"4":1,"5":1,"6":1,"7":1,"8":1,"9":1,"10":1,"11":1,"12":1,"13":0,"14":1,"15":1,"16":0,"17":1,"18":1,"19":1,"20":1},"f":{"0":1,"1":1,"2":0,"3":1,"4":0,"5":1},"b":{},"_coverageSchema":"1a1c01bbd47fc00a2c39e90264f33305004495a9","hash":"5d2f762a1cae3e5eee7d72bb64f41c96c30aa364"}
,"C:\\Users\\Rodolfo\\Documents\\Node_Projects\\to-do\\src\\services\\tasks.js": {"path":"C:\\Users\\Rodolfo\\Documents\\Node_Projects\\to-do\\src\\services\\tasks.js","statementMap":{"0":{"start":{"line":1,"column":15},"end":{"line":1,"column":32}},"1":{"start":{"line":2,"column":18},"end":{"line":2,"column":38}},"2":{"start":{"line":3,"column":25},"end":{"line":3,"column":62}},"3":{"start":{"line":4,"column":19},"end":{"line":4,"column":49}},"4":{"start":{"line":19,"column":4},"end":{"line":21,"column":5}},"5":{"start":{"line":20,"column":6},"end":{"line":20,"column":60}},"6":{"start":{"line":23,"column":4},"end":{"line":23,"column":25}},"7":{"start":{"line":24,"column":4},"end":{"line":24,"column":23}},"8":{"start":{"line":25,"column":4},"end":{"line":25,"column":35}},"9":{"start":{"line":26,"column":4},"end":{"line":26,"column":60}},"10":{"start":{"line":27,"column":4},"end":{"line":27,"column":60}},"11":{"start":{"line":28,"column":4},"end":{"line":28,"column":65}},"12":{"start":{"line":29,"column":4},"end":{"line":29,"column":25}},"13":{"start":{"line":30,"column":4},"end":{"line":30,"column":29}},"14":{"start":{"line":31,"column":4},"end":{"line":31,"column":25}},"15":{"start":{"line":32,"column":4},"end":{"line":32,"column":23}},"16":{"start":{"line":36,"column":21},"end":{"line":36,"column":22}},"17":{"start":{"line":37,"column":19},"end":{"line":37,"column":45}},"18":{"start":{"line":38,"column":17},"end":{"line":44,"column":5}},"19":{"start":{"line":45,"column":18},"end":{"line":45,"column":64}},"20":{"start":{"line":46,"column":4},"end":{"line":46,"column":63}},"21":{"start":{"line":50,"column":17},"end":{"line":50,"column":69}},"22":{"start":{"line":52,"column":4},"end":{"line":54,"column":5}},"23":{"start":{"line":53,"column":6},"end":{"line":53,"column":18}},"24":{"start":{"line":54,"column":6},"end":{"line":54,"column":55}},"25":{"start":{"line":58,"column":18},"end":{"line":58,"column":40}},"26":{"start":{"line":60,"column":4},"end":{"line":60,"column":31}},"27":{"start":{"line":64,"column":17},"end":{"line":64,"column":77}},"28":{"start":{"line":66,"column":4},"end":{"line":68,"column":5}},"29":{"start":{"line":67,"column":6},"end":{"line":67,"column":55}},"30":{"start":{"line":70,"column":4},"end":{"line":74,"column":7}},"31":{"start":{"line":71,"column":6},"end":{"line":73,"column":7}},"32":{"start":{"line":72,"column":8},"end":{"line":72,"column":32}},"33":{"start":{"line":76,"column":4},"end":{"line":76,"column":23}},"34":{"start":{"line":80,"column":17},"end":{"line":80,"column":77}},"35":{"start":{"line":82,"column":4},"end":{"line":84,"column":5}},"36":{"start":{"line":83,"column":6},"end":{"line":83,"column":55}},"37":{"start":{"line":86,"column":4},"end":{"line":86,"column":24}},"38":{"start":{"line":88,"column":4},"end":{"line":88,"column":23}},"39":{"start":{"line":92,"column":0},"end":{"line":92,"column":30}}},"fnMap":{"0":{"name":"(anonymous_0)","decl":{"start":{"line":7,"column":2},"end":{"line":7,"column":3}},"loc":{"start":{"line":18,"column":5},"end":{"line":33,"column":3}},"line":18},"1":{"name":"(anonymous_1)","decl":{"start":{"line":35,"column":2},"end":{"line":35,"column":3}},"loc":{"start":{"line":35,"column":30},"end":{"line":47,"column":3}},"line":35},"2":{"name":"(anonymous_2)","decl":{"start":{"line":49,"column":2},"end":{"line":49,"column":3}},"loc":{"start":{"line":49,"column":32},"end":{"line":55,"column":3}},"line":49},"3":{"name":"(anonymous_3)","decl":{"start":{"line":57,"column":2},"end":{"line":57,"column":3}},"loc":{"start":{"line":57,"column":32},"end":{"line":61,"column":3}},"line":57},"4":{"name":"(anonymous_4)","decl":{"start":{"line":63,"column":2},"end":{"line":63,"column":3}},"loc":{"start":{"line":63,"column":42},"end":{"line":77,"column":3}},"line":63},"5":{"name":"(anonymous_5)","decl":{"start":{"line":70,"column":32},"end":{"line":70,"column":33}},"loc":{"start":{"line":70,"column":41},"end":{"line":74,"column":5}},"line":70},"6":{"name":"(anonymous_6)","decl":{"start":{"line":79,"column":2},"end":{"line":79,"column":3}},"loc":{"start":{"line":79,"column":34},"end":{"line":89,"column":3}},"line":79}},"branchMap":{"0":{"loc":{"start":{"line":19,"column":4},"end":{"line":21,"column":5}},"type":"if","locations":[{"start":{"line":19,"column":4},"end":{"line":21,"column":5}},{"start":{},"end":{}}],"line":19},"1":{"loc":{"start":{"line":19,"column":8},"end":{"line":19,"column":317}},"type":"binary-expr","locations":[{"start":{"line":19,"column":8},"end":{"line":19,"column":22}},{"start":{"line":19,"column":26},"end":{"line":19,"column":46}},{"start":{"line":19,"column":50},"end":{"line":19,"column":66}},{"start":{"line":19,"column":70},"end":{"line":19,"column":85}},{"start":{"line":19,"column":89},"end":{"line":19,"column":106}},{"start":{"line":19,"column":110},"end":{"line":19,"column":125}},{"start":{"line":19,"column":129},"end":{"line":19,"column":143}},{"start":{"line":19,"column":147},"end":{"line":19,"column":166}},{"start":{"line":19,"column":170},"end":{"line":19,"column":195}},{"start":{"line":19,"column":199},"end":{"line":19,"column":220}},{"start":{"line":19,"column":224},"end":{"line":19,"column":244}},{"start":{"line":19,"column":248},"end":{"line":19,"column":270}},{"start":{"line":19,"column":274},"end":{"line":19,"column":294}},{"start":{"line":19,"column":298},"end":{"line":19,"column":317}}],"line":19},"2":{"loc":{"start":{"line":23,"column":14},"end":{"line":23,"column":24}},"type":"binary-expr","locations":[{"start":{"line":23,"column":14},"end":{"line":23,"column":18}},{"start":{"line":23,"column":22},"end":{"line":23,"column":24}}],"line":23},"3":{"loc":{"start":{"line":52,"column":4},"end":{"line":54,"column":5}},"type":"if","locations":[{"start":{"line":52,"column":4},"end":{"line":54,"column":5}},{"start":{},"end":{}}],"line":52},"4":{"loc":{"start":{"line":66,"column":4},"end":{"line":68,"column":5}},"type":"if","locations":[{"start":{"line":66,"column":4},"end":{"line":68,"column":5}},{"start":{},"end":{}}],"line":66},"5":{"loc":{"start":{"line":71,"column":6},"end":{"line":73,"column":7}},"type":"if","locations":[{"start":{"line":71,"column":6},"end":{"line":73,"column":7}},{"start":{},"end":{}}],"line":71},"6":{"loc":{"start":{"line":82,"column":4},"end":{"line":84,"column":5}},"type":"if","locations":[{"start":{"line":82,"column":4},"end":{"line":84,"column":5}},{"start":{},"end":{}}],"line":82}},"s":{"0":2,"1":2,"2":2,"3":2,"4":4,"5":1,"6":3,"7":3,"8":3,"9":3,"10":3,"11":3,"12":3,"13":3,"14":3,"15":3,"16":3,"17":3,"18":3,"19":3,"20":3,"21":6,"22":6,"23":5,"24":1,"25":2,"26":2,"27":7,"28":7,"29":1,"30":6,"31":15,"32":13,"33":6,"34":3,"35":3,"36":1,"37":2,"38":2,"39":2},"f":{"0":4,"1":3,"2":6,"3":2,"4":7,"5":15,"6":3},"b":{"0":[1,3],"1":[4,4,4,4,4,4,4,4,4,4,4,3,3,3],"2":[3,3],"3":[5,1],"4":[1,6],"5":[13,2],"6":[1,2]},"_coverageSchema":"1a1c01bbd47fc00a2c39e90264f33305004495a9","hash":"29fde2b1e6f1857cfd74731e1d824f772959b48c"}
,"C:\\Users\\Rodolfo\\Documents\\Node_Projects\\to-do\\src\\utils\\calcOffset.js": {"path":"C:\\Users\\Rodolfo\\Documents\\Node_Projects\\to-do\\src\\utils\\calcOffset.js","statementMap":{"0":{"start":{"line":1,"column":19},"end":{"line":1,"column":77}},"1":{"start":{"line":1,"column":40},"end":{"line":1,"column":76}},"2":{"start":{"line":3,"column":0},"end":{"line":3,"column":28}}},"fnMap":{"0":{"name":"(anonymous_0)","decl":{"start":{"line":1,"column":19},"end":{"line":1,"column":20}},"loc":{"start":{"line":1,"column":40},"end":{"line":1,"column":76}},"line":1}},"branchMap":{"0":{"loc":{"start":{"line":1,"column":40},"end":{"line":1,"column":76}},"type":"cond-expr","locations":[{"start":{"line":1,"column":51},"end":{"line":1,"column":72}},{"start":{"line":1,"column":75},"end":{"line":1,"column":76}}],"line":1}},"s":{"0":3,"1":6,"2":3},"f":{"0":6},"b":{"0":[1,5]},"_coverageSchema":"1a1c01bbd47fc00a2c39e90264f33305004495a9","hash":"3537eada84dd92f916ee925e08951ceeee3f18d4"}
,"C:\\Users\\Rodolfo\\Documents\\Node_Projects\\to-do\\src\\utils\\responsesMessages.js": {"path":"C:\\Users\\Rodolfo\\Documents\\Node_Projects\\to-do\\src\\utils\\responsesMessages.js","statementMap":{"0":{"start":{"line":1,"column":25},"end":{"line":13,"column":1}},"1":{"start":{"line":15,"column":0},"end":{"line":15,"column":34}}},"fnMap":{},"branchMap":{},"s":{"0":2,"1":2},"f":{},"b":{},"_coverageSchema":"1a1c01bbd47fc00a2c39e90264f33305004495a9","hash":"3e84b54d3c7e9a0645eb7547962494b6a6a25e22"}
}
