TN:
SF:src\config\config.js
FNF:0
FNH:0
DA:1,2
LF:1
LH:1
BRDA:3,0,0,2
BRDA:3,0,1,2
BRDA:6,1,0,2
BRDA:6,1,1,2
BRDA:7,2,0,2
BRDA:7,2,1,2
BRDA:8,3,0,2
BRDA:8,3,1,2
BRDA:9,4,0,2
BRDA:9,4,1,2
BRDA:10,5,0,2
BRDA:10,5,1,2
BRF:12
BRH:12
end_of_record
TN:
SF:src\config\index.js
FN:1,sequelizeInit
FNF:1
FNH:1
FNDA:1,sequelizeInit
DA:2,1
DA:3,1
DA:5,1
DA:8,1
LF:4
LH:4
BRF:0
BRH:0
end_of_record
TN:
SF:src\config\sequelize.js
FNF:0
FNH:0
DA:1,2
DA:2,2
DA:4,2
DA:14,2
LF:4
LH:4
BRF:0
BRH:0
end_of_record
TN:
SF:src\controller\tasks.js
FN:5,(anonymous_0)
FN:29,(anonymous_1)
FN:53,(anonymous_2)
FN:73,(anonymous_3)
FN:99,(anonymous_4)
FNF:5
FNH:5
FNDA:1,(anonymous_0)
FNDA:1,(anonymous_1)
FNDA:1,(anonymous_2)
FNDA:1,(anonymous_3)
FNDA:1,(anonymous_4)
DA:1,1
DA:2,1
DA:5,1
DA:6,1
DA:8,1
DA:9,1
DA:11,1
DA:22,0
DA:29,1
DA:30,1
DA:31,1
DA:32,1
DA:34,1
DA:40,0
DA:41,0
DA:46,0
DA:53,1
DA:54,1
DA:55,1
DA:56,1
DA:58,1
DA:66,0
DA:73,1
DA:74,1
DA:75,1
DA:76,1
DA:78,1
DA:80,1
DA:86,0
DA:87,0
DA:92,0
DA:99,1
DA:100,1
DA:101,1
DA:103,1
DA:105,1
DA:111,0
DA:112,0
DA:117,0
DA:125,1
LF:40
LH:29
BRDA:6,0,0,1
BRDA:6,0,1,1
BRDA:40,1,0,0
BRDA:40,1,1,0
BRDA:86,2,0,0
BRDA:86,2,1,0
BRDA:111,3,0,0
BRDA:111,3,1,0
BRF:8
BRH:2
end_of_record
TN:
SF:src\models\index.js
FNF:0
FNH:0
DA:1,2
DA:3,2
LF:2
LH:2
BRF:0
BRH:0
end_of_record
TN:
SF:src\models\tasks.js
FNF:0
FNH:0
DA:1,2
DA:2,2
DA:4,2
DA:56,2
LF:4
LH:4
BRF:0
BRH:0
end_of_record
TN:
SF:src\routes\index.js
FNF:0
FNH:0
DA:1,1
DA:2,1
DA:4,1
DA:6,1
DA:12,1
LF:5
LH:5
BRF:0
BRH:0
end_of_record
TN:
SF:src\server\server.js
FN:8,(anonymous_0)
FN:16,(anonymous_1)
FN:19,(anonymous_2)
FN:25,(anonymous_3)
FN:28,(anonymous_4)
FN:33,(anonymous_5)
FNF:6
FNH:4
FNDA:1,(anonymous_0)
FNDA:1,(anonymous_1)
FNDA:0,(anonymous_2)
FNDA:1,(anonymous_3)
FNDA:0,(anonymous_4)
FNDA:1,(anonymous_5)
DA:1,1
DA:2,1
DA:3,1
DA:4,1
DA:5,1
DA:7,1
DA:8,1
DA:9,1
DA:10,1
DA:11,1
DA:13,1
DA:15,1
DA:17,1
DA:20,0
DA:24,1
DA:26,1
DA:29,0
DA:32,1
DA:33,1
DA:36,1
LF:20
LH:18
BRF:0
BRH:0
end_of_record
TN:
SF:src\services\tasks.js
FN:7,(anonymous_0)
FN:35,(anonymous_1)
FN:49,(anonymous_2)
FN:57,(anonymous_3)
FN:63,(anonymous_4)
FN:70,(anonymous_5)
FN:79,(anonymous_6)
FNF:7
FNH:7
FNDA:4,(anonymous_0)
FNDA:3,(anonymous_1)
FNDA:6,(anonymous_2)
FNDA:2,(anonymous_3)
FNDA:7,(anonymous_4)
FNDA:15,(anonymous_5)
FNDA:3,(anonymous_6)
DA:1,2
DA:2,2
DA:3,2
DA:4,2
DA:19,4
DA:20,1
DA:23,3
DA:24,3
DA:25,3
DA:26,3
DA:27,3
DA:28,3
DA:29,3
DA:30,3
DA:31,3
DA:32,3
DA:36,3
DA:37,3
DA:38,3
DA:45,3
DA:46,3
DA:50,6
DA:52,6
DA:53,5
DA:54,1
DA:58,2
DA:60,2
DA:64,7
DA:66,7
DA:67,1
DA:70,6
DA:71,15
DA:72,13
DA:76,6
DA:80,3
DA:82,3
DA:83,1
DA:86,2
DA:88,2
DA:92,2
LF:40
LH:40
BRDA:19,0,0,1
BRDA:19,0,1,3
BRDA:19,1,0,4
BRDA:19,1,1,4
BRDA:19,1,2,4
BRDA:19,1,3,4
BRDA:19,1,4,4
BRDA:19,1,5,4
BRDA:19,1,6,4
BRDA:19,1,7,4
BRDA:19,1,8,4
BRDA:19,1,9,4
BRDA:19,1,10,4
BRDA:19,1,11,3
BRDA:19,1,12,3
BRDA:19,1,13,3
BRDA:23,2,0,3
BRDA:23,2,1,3
BRDA:52,3,0,5
BRDA:52,3,1,1
BRDA:66,4,0,1
BRDA:66,4,1,6
BRDA:71,5,0,13
BRDA:71,5,1,2
BRDA:82,6,0,1
BRDA:82,6,1,2
BRF:26
BRH:26
end_of_record
TN:
SF:src\utils\calcOffset.js
FN:1,(anonymous_0)
FNF:1
FNH:1
FNDA:6,(anonymous_0)
DA:1,6
DA:3,3
LF:2
LH:2
BRDA:1,0,0,1
BRDA:1,0,1,5
BRF:2
BRH:2
end_of_record
TN:
SF:src\utils\responsesMessages.js
FNF:0
FNH:0
DA:1,2
DA:15,2
LF:2
LH:2
BRF:0
BRH:0
end_of_record
